<?xml version="1.0" encoding="UTF-8"?>
<testng-results skipped="0" failed="1" total="1" passed="0">
  <reporter-output>
  </reporter-output>
  <suite name="Default suite" duration-ms="14445" started-at="2014-03-23T06:41:35Z" finished-at="2014-03-23T06:41:49Z">
    <groups>
    </groups>
    <test name="Default test" duration-ms="14445" started-at="2014-03-23T06:41:35Z" finished-at="2014-03-23T06:41:49Z">
      <class name="com.example.tests.ContactCreationTests">
        <test-method status="PASS" signature="setUp()[pri:0, instance:com.example.tests.ContactCreationTests@1300800]" name="setUp" is-config="true" duration-ms="10416" started-at="2014-03-23T13:41:35Z" finished-at="2014-03-23T13:41:45Z">
          <reporter-output>
          </reporter-output>
        </test-method> <!-- setUp -->
        <test-method status="FAIL" signature="testNonEmptyContactCreation()[pri:0, instance:com.example.tests.ContactCreationTests@1300800]" name="testNonEmptyContactCreation" duration-ms="3844" started-at="2014-03-23T13:41:45Z" finished-at="2014-03-23T13:41:49Z">
          <exception class="java.lang.AssertionError">
            <message>
              <![CDATA[Lists differ at element [2]: ContactData [name=bggff rrr, lastname=null, address=null, phone1null, ] != ContactData [name=first last, lastname=null, address=null, phone1null, ] expected [ContactData [name=bggff rrr, lastname=null, address=null, phone1null, ]] but found [ContactData [name=first last, lastname=null, address=null, phone1null, ]]]]>
            </message>
            <full-stacktrace>
              <![CDATA[java.lang.AssertionError: Lists differ at element [2]: ContactData [name=bggff rrr, lastname=null, address=null, phone1null, ] != ContactData [name=first last, lastname=null, address=null, phone1null, ] expected [ContactData [name=bggff rrr, lastname=null, address=null, phone1null, ]] but found [ContactData [name=first last, lastname=null, address=null, phone1null, ]]
	at org.testng.Assert.fail(Assert.java:94)
	at org.testng.Assert.failNotEquals(Assert.java:494)
	at org.testng.Assert.assertEquals(Assert.java:123)
	at org.testng.Assert.assertEquals(Assert.java:549)
	at org.testng.Assert.assertEquals(Assert.java:514)
	at com.example.tests.ContactCreationTests.testNonEmptyContactCreation(ContactCreationTests.java:43)
	at sun.reflect.NativeMethodAccessorImpl.invoke0(Native Method)
	at sun.reflect.NativeMethodAccessorImpl.invoke(Unknown Source)
	at sun.reflect.DelegatingMethodAccessorImpl.invoke(Unknown Source)
	at java.lang.reflect.Method.invoke(Unknown Source)
	at org.testng.internal.MethodInvocationHelper.invokeMethod(MethodInvocationHelper.java:84)
	at org.testng.internal.Invoker.invokeMethod(Invoker.java:714)
	at org.testng.internal.Invoker.invokeTestMethod(Invoker.java:901)
	at org.testng.internal.Invoker.invokeTestMethods(Invoker.java:1231)
	at org.testng.internal.TestMethodWorker.invokeTestMethods(TestMethodWorker.java:127)
	at org.testng.internal.TestMethodWorker.run(TestMethodWorker.java:111)
	at org.testng.TestRunner.privateRun(TestRunner.java:767)
	at org.testng.TestRunner.run(TestRunner.java:617)
	at org.testng.SuiteRunner.runTest(SuiteRunner.java:334)
	at org.testng.SuiteRunner.runSequentially(SuiteRunner.java:329)
	at org.testng.SuiteRunner.privateRun(SuiteRunner.java:291)
	at org.testng.SuiteRunner.run(SuiteRunner.java:240)
	at org.testng.SuiteRunnerWorker.runSuite(SuiteRunnerWorker.java:52)
	at org.testng.SuiteRunnerWorker.run(SuiteRunnerWorker.java:86)
	at org.testng.TestNG.runSuitesSequentially(TestNG.java:1224)
	at org.testng.TestNG.runSuitesLocally(TestNG.java:1149)
	at org.testng.TestNG.run(TestNG.java:1057)
	at org.testng.remote.RemoteTestNG.run(RemoteTestNG.java:111)
	at org.testng.remote.RemoteTestNG.initAndRun(RemoteTestNG.java:204)
	at org.testng.remote.RemoteTestNG.main(RemoteTestNG.java:175)
]]>
            </full-stacktrace>
          </exception> <!-- java.lang.AssertionError -->
          <reporter-output>
          </reporter-output>
        </test-method> <!-- testNonEmptyContactCreation -->
        <test-method status="PASS" signature="tearDown()[pri:0, instance:com.example.tests.ContactCreationTests@1300800]" name="tearDown" is-config="true" duration-ms="177" started-at="2014-03-23T13:41:49Z" finished-at="2014-03-23T13:41:49Z">
          <reporter-output>
          </reporter-output>
        </test-method> <!-- tearDown -->
      </class> <!-- com.example.tests.ContactCreationTests -->
    </test> <!-- Default test -->
  </suite> <!-- Default suite -->
</testng-results>
